This is pdfTeX, Version 3.14159265-2.6-1.40.18 (TeX Live 2017) (preloaded format=pdflatex 2017.5.23)  19 AUG 2019 12:29
entering extended mode
 restricted \write18 enabled.
 file:line:error style messages enabled.
 %&-line parsing enabled.
**example.tex
(./example.tex
LaTeX2e <2017-04-15>
Babel <3.10> and hyphenation patterns for 84 language(s) loaded.
(/usr/local/texlive/2017/texmf-dist/tex/latex/base/article.cls
Document Class: article 2014/09/29 v1.4h Standard LaTeX document class
(/usr/local/texlive/2017/texmf-dist/tex/latex/base/size10.clo
File: size10.clo 2014/09/29 v1.4h Standard LaTeX file (size option)
)
\c@part=\count79
\c@section=\count80
\c@subsection=\count81
\c@subsubsection=\count82
\c@paragraph=\count83
\c@subparagraph=\count84
\c@figure=\count85
\c@table=\count86
\abovecaptionskip=\skip41
\belowcaptionskip=\skip42
\bibindent=\dimen102
)
(/usr/local/texlive/2017/texmf-dist/tex/latex/natbib/natbib.sty
Package: natbib 2010/09/13 8.31b (PWD, AO)
\bibhang=\skip43
\bibsep=\skip44
LaTeX Info: Redefining \cite on input line 694.
\c@NAT@ctr=\count87
)
(./alifeconf.sty
Conference Style for ALIFE
(/usr/local/texlive/2017/texmf-dist/tex/latex/psnfss/times.sty
Package: times 2005/04/12 PSNFSS-v9.2a (SPQR) 
)
(/usr/local/texlive/2017/texmf-dist/tex/latex/graphics/graphicx.sty
Package: graphicx 2014/10/28 v1.0g Enhanced LaTeX Graphics (DPC,SPQR)

(/usr/local/texlive/2017/texmf-dist/tex/latex/graphics/keyval.sty
Package: keyval 2014/10/28 v1.15 key=value parser (DPC)
\KV@toks@=\toks14
)
(/usr/local/texlive/2017/texmf-dist/tex/latex/graphics/graphics.sty
Package: graphics 2017/04/14 v1.1b Standard LaTeX Graphics (DPC,SPQR)

(/usr/local/texlive/2017/texmf-dist/tex/latex/graphics/trig.sty
Package: trig 2016/01/03 v1.10 sin cos tan (DPC)
)
(/usr/local/texlive/2017/texmf-dist/tex/latex/graphics-cfg/graphics.cfg
File: graphics.cfg 2016/06/04 v1.11 sample graphics configuration
)
Package graphics Info: Driver file: pdftex.def on input line 99.

(/usr/local/texlive/2017/texmf-dist/tex/latex/graphics-def/pdftex.def
File: pdftex.def 2017/01/12 v0.06k Graphics/color for pdfTeX

(/usr/local/texlive/2017/texmf-dist/tex/generic/oberdiek/infwarerr.sty
Package: infwarerr 2016/05/16 v1.4 Providing info/warning/error messages (HO)
)
(/usr/local/texlive/2017/texmf-dist/tex/generic/oberdiek/ltxcmds.sty
Package: ltxcmds 2016/05/16 v1.23 LaTeX kernel commands for general use (HO)
)
\Gread@gobject=\count88
))
\Gin@req@height=\dimen103
\Gin@req@width=\dimen104
)
LaTeX Font Info:    Redeclaring symbol font `largesymbols' on input line 85.
LaTeX Font Info:    Overwriting symbol font `largesymbols' in version `normal'
(Font)                  OMX/cmex/m/n --> OMX/cmex/m/n on input line 85.
LaTeX Font Info:    Overwriting symbol font `largesymbols' in version `bold'
(Font)                  OMX/cmex/m/n --> OMX/cmex/m/n on input line 85.
\titlebox=\skip45
)
No file example.aux.
\openout1 = `example.aux'.

LaTeX Font Info:    Checking defaults for OML/cmm/m/it on input line 71.
LaTeX Font Info:    ... okay on input line 71.
LaTeX Font Info:    Checking defaults for T1/cmr/m/n on input line 71.
LaTeX Font Info:    ... okay on input line 71.
LaTeX Font Info:    Checking defaults for OT1/cmr/m/n on input line 71.
LaTeX Font Info:    ... okay on input line 71.
LaTeX Font Info:    Checking defaults for OMS/cmsy/m/n on input line 71.
LaTeX Font Info:    ... okay on input line 71.
LaTeX Font Info:    Checking defaults for OMX/cmex/m/n on input line 71.
LaTeX Font Info:    ... okay on input line 71.
LaTeX Font Info:    Checking defaults for U/cmr/m/n on input line 71.
LaTeX Font Info:    ... okay on input line 71.
LaTeX Font Info:    Try loading font information for OT1+ptm on input line 71.
(/usr/local/texlive/2017/texmf-dist/tex/latex/psnfss/ot1ptm.fd
File: ot1ptm.fd 2001/06/04 font definitions for OT1/ptm.
)
(/usr/local/texlive/2017/texmf-dist/tex/context/base/mkii/supp-pdf.mkii
[Loading MPS to PDF converter (version 2006.09.02).]
\scratchcounter=\count89
\scratchdimen=\dimen105
\scratchbox=\box26
\nofMPsegments=\count90
\nofMParguments=\count91
\everyMPshowfont=\toks15
\MPscratchCnt=\count92
\MPscratchDim=\dimen106
\MPnumerator=\count93
\makeMPintoPDFobject=\count94
\everyMPtoPDFconversion=\toks16
) (/usr/local/texlive/2017/texmf-dist/tex/generic/oberdiek/pdftexcmds.sty
Package: pdftexcmds 2017/03/19 v0.25 Utility functions of pdfTeX for LuaTeX (HO
)

(/usr/local/texlive/2017/texmf-dist/tex/generic/oberdiek/ifluatex.sty
Package: ifluatex 2016/05/16 v1.4 Provides the ifluatex switch (HO)
Package ifluatex Info: LuaTeX not detected.
)
(/usr/local/texlive/2017/texmf-dist/tex/generic/oberdiek/ifpdf.sty
Package: ifpdf 2017/03/15 v3.2 Provides the ifpdf switch
)
Package pdftexcmds Info: LuaTeX not detected.
Package pdftexcmds Info: \pdf@primitive is available.
Package pdftexcmds Info: \pdf@ifprimitive is available.
Package pdftexcmds Info: \pdfdraftmode found.
)
(/usr/local/texlive/2017/texmf-dist/tex/latex/oberdiek/epstopdf-base.sty
Package: epstopdf-base 2016/05/15 v2.6 Base part for package epstopdf

(/usr/local/texlive/2017/texmf-dist/tex/latex/oberdiek/grfext.sty
Package: grfext 2016/05/16 v1.2 Manage graphics extensions (HO)

(/usr/local/texlive/2017/texmf-dist/tex/generic/oberdiek/kvdefinekeys.sty
Package: kvdefinekeys 2016/05/16 v1.4 Define keys (HO)
))
(/usr/local/texlive/2017/texmf-dist/tex/latex/oberdiek/kvoptions.sty
Package: kvoptions 2016/05/16 v3.12 Key value format for package options (HO)

(/usr/local/texlive/2017/texmf-dist/tex/generic/oberdiek/kvsetkeys.sty
Package: kvsetkeys 2016/05/16 v1.17 Key value parser (HO)

(/usr/local/texlive/2017/texmf-dist/tex/generic/oberdiek/etexcmds.sty
Package: etexcmds 2016/05/16 v1.6 Avoid name clashes with e-TeX commands (HO)
Package etexcmds Info: Could not find \expanded.
(etexcmds)             That can mean that you are not using pdfTeX 1.50 or
(etexcmds)             that some package has redefined \expanded.
(etexcmds)             In the latter case, load this package earlier.
)))
Package epstopdf-base Info: Redefining graphics rule for `.eps' on input line 4
38.
Package grfext Info: Graphics extension search list:
(grfext)             [.png,.pdf,.jpg,.mps,.jpeg,.jbig2,.jb2,.PNG,.PDF,.JPG,.JPE
G,.JBIG2,.JB2,.eps]
(grfext)             \AppendGraphicsExtensions on input line 456.

(/usr/local/texlive/2017/texmf-dist/tex/latex/latexconfig/epstopdf-sys.cfg
File: epstopdf-sys.cfg 2010/07/13 v1.3 Configuration of (r)epstopdf for TeX Liv
e
))
LaTeX Font Info:    Font shape `OT1/ptm/bx/n' in size <14.4> not available
(Font)              Font shape `OT1/ptm/b/n' tried instead on input line 72.
LaTeX Font Info:    External font `cmex10' loaded for size
(Font)              <7> on input line 72.
LaTeX Font Info:    External font `cmex10' loaded for size
(Font)              <5> on input line 72.
LaTeX Font Info:    External font `cmex10' loaded for size
(Font)              <12> on input line 72.
LaTeX Font Info:    External font `cmex10' loaded for size
(Font)              <8> on input line 72.
LaTeX Font Info:    External font `cmex10' loaded for size
(Font)              <6> on input line 72.
LaTeX Font Info:    Font shape `OT1/ptm/bx/n' in size <10> not available
(Font)              Font shape `OT1/ptm/b/n' tried instead on input line 74.
LaTeX Font Info:    Font shape `OT1/ptm/bx/n' in size <12> not available
(Font)              Font shape `OT1/ptm/b/n' tried instead on input line 90.


Package natbib Warning: Citation `BTW87' on page 1 undefined on input line 95.


Package natbib Warning: Citation `BTW88' on page 1 undefined on input line 95.


Package natbib Warning: Citation `SJD' on page 1 undefined on input line 100.


Package natbib Warning: Citation `GS' on page 1 undefined on input line 102.


Package natbib Warning: Citation `CA2' on page 1 undefined on input line 105.


Package natbib Warning: Citation `AB1' on page 1 undefined on input line 109.


Package natbib Warning: Citation `OBA' on page 1 undefined on input line 109.


Package natbib Warning: Citation `CA2' on page 1 undefined on input line 111.


Package natbib Warning: Citation `BUR90' on page 1 undefined on input line 119.



Package natbib Warning: Citation `BUR93' on page 1 undefined on input line 119.



Package natbib Warning: Citation `WIL' on page 1 undefined on input line 127.


Package natbib Warning: Citation `GE77' on page 1 undefined on input line 128.


Package natbib Warning: Citation `GE93' on page 1 undefined on input line 128.


Package natbib Warning: Citation `ECL96' on page 1 undefined on input line 135.



Package natbib Warning: Citation `BS' on page 1 undefined on input line 141.


Package natbib Warning: Citation `SB96' on page 1 undefined on input line 144.


Package natbib Warning: Citation `BP96' on page 1 undefined on input line 144.


Package natbib Warning: Citation `NFST' on page 1 undefined on input line 148.


Package natbib Warning: Citation `IAL' on page 1 undefined on input line 155.

[1{/usr/local/texlive/2017/texmf-var/fonts/map/pdftex/updmap/pdftex.map}



]

LaTeX Warning: Reference `fig1' on page 2 undefined on input line 226.

Package epstopdf Info: Source file: <fig1.eps>
(epstopdf)                    date: 2014-11-14 14:05:18
(epstopdf)                    size: 12513 bytes
(epstopdf)             Output file: <fig1-eps-converted-to.pdf>
(epstopdf)             Command: <repstopdf --outfile=fig1-eps-converted-to.pdf 
fig1.eps>
(epstopdf)             \includegraphics on input line 232.
runsystem(repstopdf --outfile=fig1-eps-converted-to.pdf fig1.eps)...executed sa
fely (allowed).

Package epstopdf Info: Result file: <fig1-eps-converted-to.pdf>
(epstopdf)                    date: 2019-08-19 12:29:31
(epstopdf)                    size: 6693 bytes.
<fig1-eps-converted-to.pdf, id=12, 315.1775pt x 386.44376pt>
File: fig1-eps-converted-to.pdf Graphic file (type pdf)

<use fig1-eps-converted-to.pdf>
Package pdftex.def Info: fig1-eps-converted-to.pdf used on input line 232.
(pdftex.def)             Requested size: 151.76744pt x 186.08646pt.


Package natbib Warning: Citation `CHU' on page 2 undefined on input line 244.

[2 <./fig1-eps-converted-to.pdf>]

LaTeX Warning: Reference `size' on page 3 undefined on input line 269.

LaTeX Font Info:    Try loading font information for OT1+pcr on input line 275.

(/usr/local/texlive/2017/texmf-dist/tex/latex/psnfss/ot1pcr.fd
File: ot1pcr.fd 2001/06/04 font definitions for OT1/pcr.
)

Package natbib Warning: Citation `OBA' on page 3 undefined on input line 278.


LaTeX Warning: Reference `eq4' on page 3 undefined on input line 317.


Package natbib Warning: Citation `CHU' on page 3 undefined on input line 317.

Package epstopdf Info: Source file: <fig2.eps>
(epstopdf)                    date: 2014-11-14 14:05:18
(epstopdf)                    size: 17746 bytes
(epstopdf)             Output file: <fig2-eps-converted-to.pdf>
(epstopdf)             Command: <repstopdf --outfile=fig2-eps-converted-to.pdf 
fig2.eps>
(epstopdf)             \includegraphics on input line 329.
runsystem(repstopdf --outfile=fig2-eps-converted-to.pdf fig2.eps)...executed sa
fely (allowed).

Package epstopdf Info: Result file: <fig2-eps-converted-to.pdf>
(epstopdf)                    date: 2019-08-19 12:29:31
(epstopdf)                    size: 8556 bytes.
<fig2-eps-converted-to.pdf, id=25, 307.1475pt x 420.57124pt>
File: fig2-eps-converted-to.pdf Graphic file (type pdf)

<use fig2-eps-converted-to.pdf>
Package pdftex.def Info: fig2-eps-converted-to.pdf used on input line 329.
(pdftex.def)             Requested size: 166.2212pt x 227.60565pt.


LaTeX Warning: Reference `fig2' on page 3 undefined on input line 348.

LaTeX Font Info:    External font `cmex10' loaded for size
(Font)              <9> on input line 352.

Package natbib Warning: Citation `LT94' on page 3 undefined on input line 356.


LaTeX Warning: Reference `fig2' on page 3 undefined on input line 363.

[3 <./fig2-eps-converted-to.pdf>]

LaTeX Warning: Reference `fig2' on page 4 undefined on input line 398.


LaTeX Warning: Reference `fig3' on page 4 undefined on input line 399.

Package epstopdf Info: Source file: <fig3.eps>
(epstopdf)                    date: 2014-11-14 14:05:18
(epstopdf)                    size: 70201 bytes
(epstopdf)             Output file: <fig3-eps-converted-to.pdf>
(epstopdf)             Command: <repstopdf --outfile=fig3-eps-converted-to.pdf 
fig3.eps>
(epstopdf)             \includegraphics on input line 404.
runsystem(repstopdf --outfile=fig3-eps-converted-to.pdf fig3.eps)...executed sa
fely (allowed).

Package epstopdf Info: Result file: <fig3-eps-converted-to.pdf>
(epstopdf)                    date: 2019-08-19 12:29:31
(epstopdf)                    size: 28793 bytes.
<fig3-eps-converted-to.pdf, id=34, 303.1325pt x 405.515pt>
File: fig3-eps-converted-to.pdf Graphic file (type pdf)

<use fig3-eps-converted-to.pdf>
Package pdftex.def Info: fig3-eps-converted-to.pdf used on input line 404.
(pdftex.def)             Requested size: 162.6075pt x 217.52692pt.


LaTeX Warning: Reference `fig4' on page 4 undefined on input line 421.

Package epstopdf Info: Source file: <fig4.eps>
(epstopdf)                    date: 2014-11-14 14:05:18
(epstopdf)                    size: 69567 bytes
(epstopdf)             Output file: <fig4-eps-converted-to.pdf>
(epstopdf)             Command: <repstopdf --outfile=fig4-eps-converted-to.pdf 
fig4.eps>
(epstopdf)             \includegraphics on input line 426.
runsystem(repstopdf --outfile=fig4-eps-converted-to.pdf fig4.eps)...executed sa
fely (allowed).

Package epstopdf Info: Result file: <fig4-eps-converted-to.pdf>
(epstopdf)                    date: 2019-08-19 12:29:32
(epstopdf)                    size: 28536 bytes.
<fig4-eps-converted-to.pdf, id=35, 303.1325pt x 405.515pt>
File: fig4-eps-converted-to.pdf Graphic file (type pdf)

<use fig4-eps-converted-to.pdf>
Package pdftex.def Info: fig4-eps-converted-to.pdf used on input line 426.
(pdftex.def)             Requested size: 162.6075pt x 217.52692pt.


Package natbib Warning: Citation `ABH' on page 4 undefined on input line 437.

Package epstopdf Info: Source file: <fig5.eps>
(epstopdf)                    date: 2014-11-14 14:05:18
(epstopdf)                    size: 16366 bytes
(epstopdf)             Output file: <fig5-eps-converted-to.pdf>
(epstopdf)             Command: <repstopdf --outfile=fig5-eps-converted-to.pdf 
fig5.eps>
(epstopdf)             \includegraphics on input line 442.
runsystem(repstopdf --outfile=fig5-eps-converted-to.pdf fig5.eps)...executed sa
fely (allowed).

Package epstopdf Info: Result file: <fig5-eps-converted-to.pdf>
(epstopdf)                    date: 2019-08-19 12:29:32
(epstopdf)                    size: 5824 bytes.
<fig5-eps-converted-to.pdf, id=36, 282.05376pt x 394.47375pt>
File: fig5-eps-converted-to.pdf Graphic file (type pdf)

<use fig5-eps-converted-to.pdf>
Package pdftex.def Info: fig5-eps-converted-to.pdf used on input line 442.
(pdftex.def)             Requested size: 158.99377pt x 222.36644pt.


LaTeX Warning: Reference `power' on page 4 undefined on input line 456.


Underfull \vbox (badness 2035) has occurred while \output is active []

 [4 <./fig3-eps-converted-to.pdf> <./fig4-eps-converted-to.pdf>]
No file example.bbl.

Package natbib Warning: There were undefined citations.

[5

 <./fig5-eps-converted-to.pdf>] (./example.aux)

LaTeX Warning: There were undefined references.


LaTeX Warning: Label(s) may have changed. Rerun to get cross-references right.

 ) 
Here is how much of TeX's memory you used:
 1994 strings out of 492995
 27860 string characters out of 6132704
 101501 words of memory out of 5000000
 5521 multiletter control sequences out of 15000+600000
 22797 words of font info for 47 fonts, out of 8000000 for 9000
 1142 hyphenation exceptions out of 8191
 39i,11n,25p,269b,260s stack positions out of 5000i,500n,10000p,200000b,80000s
{/usr/local/texlive/2017/texmf-dist/fonts/enc/dvips/base/8r.enc}</usr/local/t
exlive/2017/texmf-dist/fonts/type1/public/amsfonts/cm/cmex10.pfb></usr/local/te
xlive/2017/texmf-dist/fonts/type1/public/amsfonts/cm/cmmi10.pfb></usr/local/tex
live/2017/texmf-dist/fonts/type1/public/amsfonts/cm/cmmi5.pfb></usr/local/texli
ve/2017/texmf-dist/fonts/type1/public/amsfonts/cm/cmmi7.pfb></usr/local/texlive
/2017/texmf-dist/fonts/type1/public/amsfonts/cm/cmmi8.pfb></usr/local/texlive/2
017/texmf-dist/fonts/type1/public/amsfonts/cm/cmmi9.pfb></usr/local/texlive/201
7/texmf-dist/fonts/type1/public/amsfonts/cm/cmr10.pfb></usr/local/texlive/2017/
texmf-dist/fonts/type1/public/amsfonts/cm/cmr6.pfb></usr/local/texlive/2017/tex
mf-dist/fonts/type1/public/amsfonts/cm/cmr7.pfb></usr/local/texlive/2017/texmf-
dist/fonts/type1/public/amsfonts/cm/cmr8.pfb></usr/local/texlive/2017/texmf-dis
t/fonts/type1/public/amsfonts/cm/cmsy10.pfb></usr/local/texlive/2017/texmf-dist
/fonts/type1/public/amsfonts/cm/cmsy7.pfb></usr/local/texlive/2017/texmf-dist/f
onts/type1/urw/courier/ucrr8a.pfb></usr/local/texlive/2017/texmf-dist/fonts/typ
e1/urw/times/utmb8a.pfb></usr/local/texlive/2017/texmf-dist/fonts/type1/urw/tim
es/utmr8a.pfb></usr/local/texlive/2017/texmf-dist/fonts/type1/urw/times/utmri8a
.pfb>
Output written on example.pdf (5 pages, 242440 bytes).
PDF statistics:
 100 PDF objects out of 1000 (max. 8388607)
 71 compressed objects within 1 object stream
 0 named destinations out of 1000 (max. 500000)
 26 words of extra memory for PDF output out of 10000 (max. 10000000)

